
  .   ____          _            __ _ _
 /\\ / ___'_ __ _ _(_)_ __  __ _ \ \ \ \
( ( )\___ | '_ | '_| | '_ \/ _` | \ \ \ \
 \\/  ___)| |_)| | | | | || (_| |  ) ) ) )
  '  |____| .__|_| |_|_| |_\__, | / / / /
 =========|_|==============|___/=/_/_/_/
 :: Spring Boot ::                (v3.2.5)

2026-01-05T14:08:34.266-05:00  INFO 84800 --- [financeapp] [           main] c.j.financeapp.FinanceappApplication     : Starting FinanceappApplication v0.0.1-SNAPSHOT using Java 17.0.11 with PID 84800 (/Users/jake/Documents/Github Projects/Expense Tracker(Java)/financeapp/target/financeapp-0.0.1-SNAPSHOT.jar started by jake in /Users/jake/Documents/Github Projects/Expense Tracker(Java)/financeapp)
2026-01-05T14:08:34.277-05:00  INFO 84800 --- [financeapp] [           main] c.j.financeapp.FinanceappApplication     : No active profile set, falling back to 1 default profile: "default"
2026-01-05T14:08:36.181-05:00  INFO 84800 --- [financeapp] [           main] .s.d.r.c.RepositoryConfigurationDelegate : Bootstrapping Spring Data JPA repositories in DEFAULT mode.
2026-01-05T14:08:36.297-05:00  INFO 84800 --- [financeapp] [           main] .s.d.r.c.RepositoryConfigurationDelegate : Finished Spring Data repository scanning in 107 ms. Found 3 JPA repository interfaces.
2026-01-05T14:08:37.506-05:00  INFO 84800 --- [financeapp] [           main] o.s.b.w.embedded.tomcat.TomcatWebServer  : Tomcat initialized with port 8080 (http)
2026-01-05T14:08:37.523-05:00  INFO 84800 --- [financeapp] [           main] o.apache.catalina.core.StandardService   : Starting service [Tomcat]
2026-01-05T14:08:37.523-05:00  INFO 84800 --- [financeapp] [           main] o.apache.catalina.core.StandardEngine    : Starting Servlet engine: [Apache Tomcat/10.1.20]
2026-01-05T14:08:37.586-05:00  INFO 84800 --- [financeapp] [           main] o.a.c.c.C.[Tomcat].[localhost].[/]       : Initializing Spring embedded WebApplicationContext
2026-01-05T14:08:37.587-05:00  INFO 84800 --- [financeapp] [           main] w.s.c.ServletWebServerApplicationContext : Root WebApplicationContext: initialization completed in 3087 ms
2026-01-05T14:08:38.126-05:00  INFO 84800 --- [financeapp] [           main] o.hibernate.jpa.internal.util.LogHelper  : HHH000204: Processing PersistenceUnitInfo [name: default]
2026-01-05T14:08:38.182-05:00  INFO 84800 --- [financeapp] [           main] org.hibernate.Version                    : HHH000412: Hibernate ORM core version 6.4.4.Final
2026-01-05T14:08:38.238-05:00  INFO 84800 --- [financeapp] [           main] o.h.c.internal.RegionFactoryInitiator    : HHH000026: Second-level cache disabled
2026-01-05T14:08:38.521-05:00  INFO 84800 --- [financeapp] [           main] o.s.o.j.p.SpringPersistenceUnitInfo      : No LoadTimeWeaver setup: ignoring JPA class transformer
2026-01-05T14:08:38.554-05:00  INFO 84800 --- [financeapp] [           main] com.zaxxer.hikari.HikariDataSource       : HikariPool-1 - Starting...
2026-01-05T14:08:38.729-05:00  INFO 84800 --- [financeapp] [           main] com.zaxxer.hikari.pool.HikariPool        : HikariPool-1 - Added connection org.postgresql.jdbc.PgConnection@64dfb31d
2026-01-05T14:08:38.731-05:00  INFO 84800 --- [financeapp] [           main] com.zaxxer.hikari.HikariDataSource       : HikariPool-1 - Start completed.
2026-01-05T14:08:38.772-05:00  WARN 84800 --- [financeapp] [           main] org.hibernate.orm.deprecation            : HHH90000025: PostgreSQLDialect does not need to be specified explicitly using 'hibernate.dialect' (remove the property setting and it will be selected by default)
2026-01-05T14:08:39.780-05:00  INFO 84800 --- [financeapp] [           main] o.h.e.t.j.p.i.JtaPlatformInitiator       : HHH000489: No JTA platform available (set 'hibernate.transaction.jta.platform' to enable JTA platform integration)
2026-01-05T14:08:39.890-05:00  INFO 84800 --- [financeapp] [           main] j.LocalContainerEntityManagerFactoryBean : Initialized JPA EntityManagerFactory for persistence unit 'default'
2026-01-05T14:08:40.778-05:00  WARN 84800 --- [financeapp] [           main] JpaBaseConfiguration$JpaWebConfiguration : spring.jpa.open-in-view is enabled by default. Therefore, database queries may be performed during view rendering. Explicitly configure spring.jpa.open-in-view to disable this warning
2026-01-05T14:08:40.809-05:00  WARN 84800 --- [financeapp] [           main] .s.s.UserDetailsServiceAutoConfiguration : 

Using generated security password: c7be5039-489c-4002-bc52-2b9c2405945d

This generated password is for development use only. Your security configuration must be updated before running your application in production.

2026-01-05T14:08:41.309-05:00  INFO 84800 --- [financeapp] [           main] o.s.s.web.DefaultSecurityFilterChain     : Will secure any request with [org.springframework.security.web.session.DisableEncodeUrlFilter@159a0f0e, org.springframework.security.web.context.request.async.WebAsyncManagerIntegrationFilter@6484364f, org.springframework.security.web.context.SecurityContextHolderFilter@2512155e, org.springframework.security.web.header.HeaderWriterFilter@38326fd5, org.springframework.web.filter.CorsFilter@2ddb6c71, org.springframework.security.web.authentication.logout.LogoutFilter@2d093067, com.jakefinance.financeapp.config.JwtAuthFilter@4cffcc61, org.springframework.security.web.savedrequest.RequestCacheAwareFilter@779cb140, org.springframework.security.web.servletapi.SecurityContextHolderAwareRequestFilter@45a4587d, org.springframework.security.web.authentication.AnonymousAuthenticationFilter@29f114e0, org.springframework.security.web.access.ExceptionTranslationFilter@53c21c05, org.springframework.security.web.access.intercept.AuthorizationFilter@26caf4b6]
2026-01-05T14:08:41.684-05:00  INFO 84800 --- [financeapp] [           main] o.s.b.w.embedded.tomcat.TomcatWebServer  : Tomcat started on port 8080 (http) with context path ''
2026-01-05T14:08:41.727-05:00  INFO 84800 --- [financeapp] [           main] c.j.financeapp.FinanceappApplication     : Started FinanceappApplication in 8.373 seconds (process running for 9.385)
2026-01-05T14:10:37.192-05:00  INFO 84800 --- [financeapp] [nio-8080-exec-1] o.a.c.c.C.[Tomcat].[localhost].[/]       : Initializing Spring DispatcherServlet 'dispatcherServlet'
2026-01-05T14:10:37.193-05:00  INFO 84800 --- [financeapp] [nio-8080-exec-1] o.s.web.servlet.DispatcherServlet        : Initializing Servlet 'dispatcherServlet'
2026-01-05T14:10:37.196-05:00  INFO 84800 --- [financeapp] [nio-8080-exec-1] o.s.web.servlet.DispatcherServlet        : Completed initialization in 2 ms
Hibernate: select u1_0.id,u1_0.email,u1_0.first_name,u1_0.last_name,u1_0.password from users u1_0 where u1_0.email=?
=== BACKEND LOGIN DEBUG ===
Login - User object: com.jakefinance.financeapp.model.User@1cac9deb
Login - User firstName: Jake
Login - User firstName is null: false
Login - User firstName isEmpty: false
Login - firstNameValue being put: 'Jake'
Login - Response map size: 4
Login - Response map keys: [firstName, message, email, token]
Login - Response map firstName: Jake
=== END BACKEND LOGIN DEBUG ===
Hibernate: select u1_0.id,u1_0.email,u1_0.first_name,u1_0.last_name,u1_0.password from users u1_0 where u1_0.email=?
Hibernate: select t1_0.id,t1_0.account,t1_0.amount,t1_0.category,t1_0.date,t1_0.notes,t1_0.title,t1_0.type,t1_0.user_id from transaction t1_0 where t1_0.user_id=?
Hibernate: select u1_0.id,u1_0.email,u1_0.first_name,u1_0.last_name,u1_0.password from users u1_0 where u1_0.email=?
Hibernate: select t1_0.id,t1_0.account,t1_0.amount,t1_0.category,t1_0.date,t1_0.notes,t1_0.title,t1_0.type,t1_0.user_id from transaction t1_0 where t1_0.user_id=?
2026-01-05T15:07:53.947-05:00  INFO 84800 --- [financeapp] [ionShutdownHook] j.LocalContainerEntityManagerFactoryBean : Closing JPA EntityManagerFactory for persistence unit 'default'
2026-01-05T15:07:53.952-05:00  INFO 84800 --- [financeapp] [ionShutdownHook] com.zaxxer.hikari.HikariDataSource       : HikariPool-1 - Shutdown initiated...
2026-01-05T15:07:53.955-05:00  INFO 84800 --- [financeapp] [ionShutdownHook] com.zaxxer.hikari.HikariDataSource       : HikariPool-1 - Shutdown completed.
